13:58:45.303 > {} Stored configuration
13:58:45.303 >   • Hardware device ID: 382b780393cb
13:58:45.303 >   • Device ID: LocationName
13:58:45.303 >   • Name: Environment Monitor
13:58:45.303 >   • Device Stats Interval: 900 sec
13:58:45.303 >   • Wi-Fi: 
13:58:45.303 >     ◦ SSID: SFNSS1-24G
13:58:45.303 >     ◦ Password not shown
13:58:45.303 >   • MQTT: 
13:58:45.303 >     ◦ Host: openhab.skoona.net
13:58:45.303 >     ◦ Port: 1883
13:58:45.303 >     ◦ Base topic: sknSensors/
13:58:45.303 >     ◦ Auth? yes
13:58:45.303 >     ◦ Username: openhabian
13:58:45.303 >     ◦ Password not shown
13:58:45.303 >   • OTA: 
13:58:45.303 >     ◦ Enabled? yes
13:58:45.303 >   • Custom settings: 
13:58:45.303 >     ◦ sensorInterval: 900 (set)
13:58:45.303 >     ◦ motionHoldInterval: 60 (set)
13:58:45.303 >   ◦ Sensor SerialNumber: 170302178
13:58:45.303 >   ◦ Sensor Heater Status: Heater Off
13:58:45.303 > • RCWL-0516 Doppler Radar Microwave Motion Sensor:
13:58:45.303 >   ◦ Presence
13:58:45.303 > ↕ Attempting to connect to Wi-Fi...
13:58:48.727 > ✔ Wi-Fi connected, IP: 10.100.1.165
13:58:48.731 > Triggering WIFI_CONNECTED event...
13:58:48.735 > ↕ Attempting to connect to MQTT...
13:58:48.760 > Sending initial information...
13:58:48.792 > ✔ MQTT ready
13:58:48.794 > Triggering MQTT_READY event...
13:58:48.796 > Calling setup function...
13:58:48.799 > 〽 Sending Temperature: SHT31
13:58:48.810 >   ◦ Temperature=55.85, Humidity=28.39
13:58:48.814 > 〽 Sending Presence: 
13:58:48.816 >   ◦ ✖ Motion Detected: ON 
13:58:48.819 > 〽 Sending statistics...
13:58:48.821 >   • Interval: 905s (900s including 5s grace time)
13:58:48.826 >   • Wi-Fi signal quality: 62%
13:58:48.828 >   • Uptime: 4s
13:58:48.833 > 📢 Calling broadcast handler...
13:58:48.837 > Received broadcast level alert: OpenHAB offline
